2021-04-12 03:08:45 



















2021-04-12 03:08:45 MultiChain version build 2.1.2 protocol 20012 (Feb 18 2019, 14:27:04)
2021-04-12 03:08:45 Using OpenSSL version OpenSSL 1.0.1k 8 Jan 2015
2021-04-12 03:08:45 Using BerkeleyDB version Berkeley DB 4.8.30: (April  9, 2010)
2021-04-12 03:08:45 Default data directory C:\Users\juane\AppData\Roaming\MultiChain\empresa
2021-04-12 03:08:45 Using data directory C:\Users\juane\AppData\Roaming\MultiChain\empresa
2021-04-12 03:08:45 Using config file C:\Users\juane\AppData\Roaming\MultiChain\empresa\empresa.conf
2021-04-12 03:08:45 Using at most 125 connections (2048 file descriptors available)
2021-04-12 03:08:45 Using 4 threads for script verification
2021-04-12 03:08:45 Using wallet wallet.dat
2021-04-12 03:08:45 init message: Verifying wallet...
2021-04-12 03:08:45 Wallet file doesn't exist. New file will be created with version 3.
2021-04-12 03:08:45 Binding RPC on address ::1 port 6838 (IPv4+IPv6 bind any: 0)
2021-04-12 03:08:45 Binding RPC on address 127.0.0.1 port 6838 (IPv4+IPv6 bind any: 0)
2021-04-12 03:08:45 init message: Initializing multichain...
2021-04-12 03:08:45 nFileVersion = 0
2021-04-12 03:08:45 Keys: 0 plaintext, 0 encrypted, 0 w/ metadata, 0 total
2021-04-12 03:08:45 mchn: Default key is not found - creating new... 
2021-04-12 03:08:45 keypool added key 1, size=1
2021-04-12 03:08:45 keypool added key 2, size=2
2021-04-12 03:08:45 mchn: Parameter set is new, THIS IS GENESIS NODE - looking for genesis block...
2021-04-12 03:08:45 mchn: Genesis block found
2021-04-12 03:08:45 mchn: Parameter set is valid - initializing blockchain parameters...
2021-04-12 03:08:46 Wallet mode: 00000103
2021-04-12 03:08:46 Node paused state is set to 00000000
2021-04-12 03:08:46 Bound to [::]:6839
2021-04-12 03:08:46 Bound to 0.0.0.0:6839
2021-04-12 03:08:46 Filter initialization completed
2021-04-12 03:08:46 Setting banned transaction list:    0 transactions
2021-04-12 03:08:46 init message: Loading block index...
2021-04-12 03:08:46 Opening LevelDB in C:\Users\juane\AppData\Roaming\MultiChain\empresa\blocks\index
2021-04-12 03:08:46 Opened LevelDB successfully
2021-04-12 03:08:46 Opening LevelDB in C:\Users\juane\AppData\Roaming\MultiChain\empresa\chainstate
2021-04-12 03:08:46 Opened LevelDB successfully
2021-04-12 03:08:46 nFileVersion = 100000
2021-04-12 03:08:46 Keys: 2 plaintext, 0 encrypted, 2 w/ metadata, 2 total
2021-04-12 03:08:46 LoadBlockIndexDB: last block file = 0
2021-04-12 03:08:46 LoadBlockIndexDB: last block file info: CBlockFileInfo(blocks=0, size=0, heights=0...0, time=1970-01-01...1970-01-01)
2021-04-12 03:08:46 Checking all blk files are present...
2021-04-12 03:08:46 LoadBlockIndexDB(): transaction index disabled
2021-04-12 03:08:46 Initializing databases...
2021-04-12 03:08:46 Pre-allocating up to position 0x1000000 in blk00000.dat
2021-04-12 03:08:46 New stream. TxID: 5f8b72c2233aca3744f0c9b38f2592db33cadb7f1349767e61e9dbc892579bcc, StreamRef: 0-81-39884, Name: root
2021-04-12 03:08:46 UpdateTip:            new best=00ce4937d17f1f564633dd9d750ab379bc9dec7863616ac7555555cf3cb97634  height=0  log2_work=8  tx=1  date=2021-04-12 03:08:45 progress=1.000000  cache=0
2021-04-12 03:08:46 init message: Verifying blocks...
2021-04-12 03:08:46  block index             181ms
2021-04-12 03:08:46 MultiChain protocol version: 20012
2021-04-12 03:08:46 init message: Loading wallet...
2021-04-12 03:08:46 nFileVersion = 100000
2021-04-12 03:08:46 Keys: 2 plaintext, 0 encrypted, 2 w/ metadata, 2 total
2021-04-12 03:08:46  wallet                    1ms
2021-04-12 03:08:46 mapBlockIndex.size() = 1
2021-04-12 03:08:46 nBestHeight = 0
2021-04-12 03:08:46 setKeyPool.size() = 1
2021-04-12 03:08:46 oldWallet.size() = 0
2021-04-12 03:08:46 mapWallet.size() = 0
2021-04-12 03:08:46 mapAddressBook.size() = 1
2021-04-12 03:08:46 init message: Loading addresses...
2021-04-12 03:08:46 ERROR: Read : Failed to open file C:\Users\juane\AppData\Roaming\MultiChain\empresa\peers.dat
2021-04-12 03:08:46 Invalid or missing peers.dat; recreating
2021-04-12 03:08:46 Loaded 0 addresses from peers.dat  0ms
2021-04-12 03:08:46 AddLocal([fe80::6092:23e1:4f5:f35d]:6839,1)
2021-04-12 03:08:46 Discover: DESKTOP-2JUEJU6 - fe80::6092:23e1:4f5:f35d
2021-04-12 03:08:46 AddLocal([fe80::1dfd:ecbe:ca1f:b427]:6839,1)
2021-04-12 03:08:46 Discover: DESKTOP-2JUEJU6 - fe80::1dfd:ecbe:ca1f:b427
2021-04-12 03:08:46 AddLocal([2800:e2:1d80:1b25:7995:e0cc:ceec:9adb]:6839,1)
2021-04-12 03:08:46 Discover: DESKTOP-2JUEJU6 - 2800:e2:1d80:1b25:7995:e0cc:ceec:9adb
2021-04-12 03:08:46 AddLocal([2800:e2:1d80:1b25::2]:6839,1)
2021-04-12 03:08:46 Discover: DESKTOP-2JUEJU6 - 2800:e2:1d80:1b25::2
2021-04-12 03:08:46 AddLocal([2800:e2:1d80:1b25:1dfd:ecbe:ca1f:b427]:6839,1)
2021-04-12 03:08:46 Discover: DESKTOP-2JUEJU6 - 2800:e2:1d80:1b25:1dfd:ecbe:ca1f:b427
2021-04-12 03:08:46 AddLocal(192.168.56.1:6839,1)
2021-04-12 03:08:46 Discover: DESKTOP-2JUEJU6 - 192.168.56.1
2021-04-12 03:08:46 AddLocal(192.168.1.52:6839,1)
2021-04-12 03:08:46 Discover: DESKTOP-2JUEJU6 - 192.168.1.52
2021-04-12 03:08:46 dnsseed thread start
2021-04-12 03:08:46 addcon thread start
2021-04-12 03:08:46 net thread start
2021-04-12 03:08:46 opencon thread start
2021-04-12 03:08:46 Loading addresses from DNS seeds (could take a while)
2021-04-12 03:08:46 init message: Done loading
2021-04-12 03:08:46 msghand thread start
2021-04-12 03:08:46 dumpaddr thread start
2021-04-12 03:08:46 MultiChainMiner started
2021-04-12 03:08:46 0 addresses found from DNS seeds
2021-04-12 03:08:46 dnsseed thread exit
2021-04-12 03:08:46 Node started
2021-04-12 03:08:46 MultiChainMiner: Block Found - 000d4966aba11345881199c28b15b54b647c452b837042ef23258392a745a0d4, prev: 00ce4937d17f1f564633dd9d750ab379bc9dec7863616ac7555555cf3cb97634, height: 1, txs: 1
2021-04-12 03:08:46 Pre-allocating up to position 0x100000 in rev00000.dat
2021-04-12 03:08:46 UpdateTip:            new best=000d4966aba11345881199c28b15b54b647c452b837042ef23258392a745a0d4  height=1  log2_work=9  tx=2  date=2021-04-12 03:08:46 progress=1.000000  cache=0
2021-04-12 03:08:46 MultiChainMiner: Block Found - 00ff0fb368f63cdae68e630ea4c84483c61db32379a9c53ce00d29496d57bd38, prev: 000d4966aba11345881199c28b15b54b647c452b837042ef23258392a745a0d4, height: 2, txs: 1
2021-04-12 03:08:46 UpdateTip:            new best=00ff0fb368f63cdae68e630ea4c84483c61db32379a9c53ce00d29496d57bd38  height=2  log2_work=9.5849625  tx=3  date=2021-04-12 03:08:47 progress=1.000000  cache=0
2021-04-12 03:08:54 MultiChainMiner: Block Found - 004952dc71b013d09f9e0ec3c6c3da2e990847b6d42b8bb0720de759a381b9b2, prev: 00ff0fb368f63cdae68e630ea4c84483c61db32379a9c53ce00d29496d57bd38, height: 3, txs: 1
2021-04-12 03:08:54 UpdateTip:            new best=004952dc71b013d09f9e0ec3c6c3da2e990847b6d42b8bb0720de759a381b9b2  height=3  log2_work=10  tx=4  date=2021-04-12 03:08:54 progress=1.000000  cache=0
2021-04-12 03:09:04 CommitTransaction: 122a24b7415ef7e3885883aeeafef995ceb3ee08f6e9f0f038d1c9acdf49cc8f, vin: 1, vout: 2
2021-04-12 03:09:04 New stream. TxID: 122a24b7415ef7e3885883aeeafef995ceb3ee08f6e9f0f038d1c9acdf49cc8f, unconfirmed, Name: vendedores
2021-04-12 03:09:11 MultiChainMiner: Block Found - 00db30a7ef0c6ad206d985685bc553dd44fd5561ac07cc6583c3b9ffc86954da, prev: 004952dc71b013d09f9e0ec3c6c3da2e990847b6d42b8bb0720de759a381b9b2, height: 4, txs: 2
2021-04-12 03:09:11 New stream. TxID: 122a24b7415ef7e3885883aeeafef995ceb3ee08f6e9f0f038d1c9acdf49cc8f, StreamRef: 4-265-52367, Name: vendedores
2021-04-12 03:09:11 UpdateTip:            new best=00db30a7ef0c6ad206d985685bc553dd44fd5561ac07cc6583c3b9ffc86954da  height=4  log2_work=10.321928  tx=6  date=2021-04-12 03:09:11 progress=1.000000  cache=0
2021-04-12 03:09:14 CommitTransaction: f9419060736321f773a524cd6fe35dfee6ca8e093645cb710ad6d666866de24e, vin: 1, vout: 2
2021-04-12 03:09:14 New stream. TxID: f9419060736321f773a524cd6fe35dfee6ca8e093645cb710ad6d666866de24e, unconfirmed, Name: ganancias
2021-04-12 03:09:22 MultiChainMiner: Block Found - 005096dbac7a4c315814bff95488cbed97a33c208eb2cd5dd380c0c371864579, prev: 00db30a7ef0c6ad206d985685bc553dd44fd5561ac07cc6583c3b9ffc86954da, height: 5, txs: 2
2021-04-12 03:09:22 New stream. TxID: f9419060736321f773a524cd6fe35dfee6ca8e093645cb710ad6d666866de24e, StreamRef: 5-265-57934, Name: ganancias
2021-04-12 03:09:22 UpdateTip:            new best=005096dbac7a4c315814bff95488cbed97a33c208eb2cd5dd380c0c371864579  height=5  log2_work=10.584963  tx=8  date=2021-04-12 03:09:22 progress=1.000000  cache=0
2021-04-12 03:09:40 CommitTransaction: bf8443ef6bec252c60191f828ddc9fe89d6a7da3e49a76fa5674d94c4e4b9604, vin: 1, vout: 2
2021-04-12 03:09:40 New filter. TxID: bf8443ef6bec252c60191f828ddc9fe89d6a7da3e49a76fa5674d94c4e4b9604, unconfirmed, Name: smartFilterVendedores
2021-04-12 03:09:42 MultiChainMiner: Block Found - 0008086949bbbb2c09e23cfcee2c9968b78c6693059910d830a09186c65e7c35, prev: 005096dbac7a4c315814bff95488cbed97a33c208eb2cd5dd380c0c371864579, height: 6, txs: 2
2021-04-12 03:09:42 New filter. TxID: bf8443ef6bec252c60191f828ddc9fe89d6a7da3e49a76fa5674d94c4e4b9604, StreamRef: 6-264-38404, Name: smartFilterVendedores
2021-04-12 03:09:43 UpdateTip:            new best=0008086949bbbb2c09e23cfcee2c9968b78c6693059910d830a09186c65e7c35  height=6  log2_work=10.807355  tx=10  date=2021-04-12 03:09:42 progress=1.000000  cache=0
2021-04-12 03:09:47 Adding fixed seed nodes as DNS doesn't seem to be available.
2021-04-12 03:09:53 CommitTransaction: fdbc4edfbd6d0787fffcb5bf9b77100006fd8b13bdd4328536e8299fe8a77e8e, vin: 1, vout: 2
2021-04-12 03:09:53 New filter. TxID: fdbc4edfbd6d0787fffcb5bf9b77100006fd8b13bdd4328536e8299fe8a77e8e, unconfirmed, Name: smartFilterGanancias
2021-04-12 03:09:59 MultiChainMiner: Block Found - 00f3ca6aef8a17a9bbcb93775fb9b3238d8ebc7ed8360273ecd2f416f3783aa9, prev: 0008086949bbbb2c09e23cfcee2c9968b78c6693059910d830a09186c65e7c35, height: 7, txs: 2
2021-04-12 03:09:59 New filter. TxID: fdbc4edfbd6d0787fffcb5bf9b77100006fd8b13bdd4328536e8299fe8a77e8e, StreamRef: 7-264-32398, Name: smartFilterGanancias
2021-04-12 03:09:59 UpdateTip:            new best=00f3ca6aef8a17a9bbcb93775fb9b3238d8ebc7ed8360273ecd2f416f3783aa9  height=7  log2_work=11  tx=12  date=2021-04-12 03:09:59 progress=1.000000  cache=0
2021-04-12 03:10:15 MultiChainMiner: Block Found - 00542c9a94f60948064fd728a814a5a022bf6d1e4f6f4288fbdf75738bb00392, prev: 00f3ca6aef8a17a9bbcb93775fb9b3238d8ebc7ed8360273ecd2f416f3783aa9, height: 8, txs: 1
2021-04-12 03:10:15 UpdateTip:            new best=00542c9a94f60948064fd728a814a5a022bf6d1e4f6f4288fbdf75738bb00392  height=8  log2_work=11.169925  tx=13  date=2021-04-12 03:10:15 progress=1.000000  cache=0
2021-04-12 03:10:29 MultiChainMiner: Block Found - 00e4c69213126731bed09f21729f2b00cf51ab70c71757782b2766e2293211a9, prev: 00542c9a94f60948064fd728a814a5a022bf6d1e4f6f4288fbdf75738bb00392, height: 9, txs: 1
2021-04-12 03:10:29 UpdateTip:            new best=00e4c69213126731bed09f21729f2b00cf51ab70c71757782b2766e2293211a9  height=9  log2_work=11.321928  tx=14  date=2021-04-12 03:10:29 progress=1.000000  cache=0
2021-04-12 03:10:50 MultiChainMiner: Block Found - 00946543f861939101058b5501f24b0e4703a74ff53d4870d1f275174e0899af, prev: 00e4c69213126731bed09f21729f2b00cf51ab70c71757782b2766e2293211a9, height: 10, txs: 1
2021-04-12 03:10:50 UpdateTip:            new best=00946543f861939101058b5501f24b0e4703a74ff53d4870d1f275174e0899af  height=10  log2_work=11.459432  tx=15  date=2021-04-12 03:10:50 progress=1.000000  cache=0
2021-04-12 03:11:10 MultiChainMiner: Block Found - 00ee785c8c45bc7c576f5b6e9aa016e3f301074241166f330b6f731c32d00fac, prev: 00946543f861939101058b5501f24b0e4703a74ff53d4870d1f275174e0899af, height: 11, txs: 1
2021-04-12 03:11:10 UpdateTip:            new best=00ee785c8c45bc7c576f5b6e9aa016e3f301074241166f330b6f731c32d00fac  height=11  log2_work=11.584963  tx=16  date=2021-04-12 03:11:10 progress=1.000000  cache=0
2021-04-12 03:11:29 MultiChainMiner: Block Found - 00598933bf928d607bdeb8852d2765136ff794d76ee00d392d7da4d01c6019f5, prev: 00ee785c8c45bc7c576f5b6e9aa016e3f301074241166f330b6f731c32d00fac, height: 12, txs: 1
2021-04-12 03:11:29 UpdateTip:            new best=00598933bf928d607bdeb8852d2765136ff794d76ee00d392d7da4d01c6019f5  height=12  log2_work=11.70044  tx=17  date=2021-04-12 03:11:29 progress=1.000000  cache=0
2021-04-12 03:11:33 MultiChainMiner: Block Found - 00842e89a0370ea72502bff19705e5837e8e86ea20495c8c15c0b58e849d7695, prev: 00598933bf928d607bdeb8852d2765136ff794d76ee00d392d7da4d01c6019f5, height: 13, txs: 1
2021-04-12 03:11:33 UpdateTip:            new best=00842e89a0370ea72502bff19705e5837e8e86ea20495c8c15c0b58e849d7695  height=13  log2_work=11.807355  tx=18  date=2021-04-12 03:11:33 progress=1.000000  cache=0
2021-04-12 03:11:52 MultiChainMiner: Block Found - 002f9f26953936b2289cf7f07c5a5a8b3e9c55d9f2e278b4227625c82e7519c0, prev: 00842e89a0370ea72502bff19705e5837e8e86ea20495c8c15c0b58e849d7695, height: 14, txs: 1
2021-04-12 03:11:52 UpdateTip:            new best=002f9f26953936b2289cf7f07c5a5a8b3e9c55d9f2e278b4227625c82e7519c0  height=14  log2_work=11.906891  tx=19  date=2021-04-12 03:11:52 progress=1.000000  cache=0
2021-04-12 03:12:05 MultiChainMiner: Block Found - 006d61ab906f2dbdd9f6c186eccacd1747407030b3643d85033dd103cbee3282, prev: 002f9f26953936b2289cf7f07c5a5a8b3e9c55d9f2e278b4227625c82e7519c0, height: 15, txs: 1
2021-04-12 03:12:05 UpdateTip:            new best=006d61ab906f2dbdd9f6c186eccacd1747407030b3643d85033dd103cbee3282  height=15  log2_work=12  tx=20  date=2021-04-12 03:12:05 progress=1.000000  cache=0
2021-04-12 03:12:18 MultiChainMiner: Block Found - 0099423a48fe1b1ea2d2643abe7afe9ba54bb2bb48174cbd842d0ecf475ddd89, prev: 006d61ab906f2dbdd9f6c186eccacd1747407030b3643d85033dd103cbee3282, height: 16, txs: 1
2021-04-12 03:12:18 UpdateTip:            new best=0099423a48fe1b1ea2d2643abe7afe9ba54bb2bb48174cbd842d0ecf475ddd89  height=16  log2_work=12.087463  tx=21  date=2021-04-12 03:12:18 progress=1.000000  cache=0
2021-04-12 03:12:30 MultiChainMiner: Block Found - 00a6842b54ca0d52c2b47cd13a2259fdfc5a1d839864cf03b1b4dd1de69491b3, prev: 0099423a48fe1b1ea2d2643abe7afe9ba54bb2bb48174cbd842d0ecf475ddd89, height: 17, txs: 1
2021-04-12 03:12:30 UpdateTip:            new best=00a6842b54ca0d52c2b47cd13a2259fdfc5a1d839864cf03b1b4dd1de69491b3  height=17  log2_work=12.169925  tx=22  date=2021-04-12 03:12:30 progress=1.000000  cache=0
2021-04-12 03:12:38 CommitTransaction: 8bea6a5563593fee8ec95f756916dbd651fb68237e1ef5237384eff27ceafa1b, vin: 1, vout: 2
2021-04-12 03:12:48 MultiChainMiner: Block Found - 00a33c0521b985f1ad4e81bbc7833844031f09ceb530521d979901a08df85e4e, prev: 00a6842b54ca0d52c2b47cd13a2259fdfc5a1d839864cf03b1b4dd1de69491b3, height: 18, txs: 2
2021-04-12 03:12:48 UpdateTip:            new best=00a33c0521b985f1ad4e81bbc7833844031f09ceb530521d979901a08df85e4e  height=18  log2_work=12.247928  tx=24  date=2021-04-12 03:12:48 progress=1.000000  cache=0
2021-04-12 03:13:03 MultiChainMiner: Block Found - 002b2db6eb47329897bd772c00de3289f76d46d1a6992f1b337b72e0c9204eb2, prev: 00a33c0521b985f1ad4e81bbc7833844031f09ceb530521d979901a08df85e4e, height: 19, txs: 1
2021-04-12 03:13:03 UpdateTip:            new best=002b2db6eb47329897bd772c00de3289f76d46d1a6992f1b337b72e0c9204eb2  height=19  log2_work=12.321928  tx=25  date=2021-04-12 03:13:03 progress=1.000000  cache=0
2021-04-12 03:13:15 MultiChainMiner: Block Found - 004109798b5ab2afff3f4dee8d7e391c7ba2c79645efc43c37eace76ed148970, prev: 002b2db6eb47329897bd772c00de3289f76d46d1a6992f1b337b72e0c9204eb2, height: 20, txs: 1
2021-04-12 03:13:15 UpdateTip:            new best=004109798b5ab2afff3f4dee8d7e391c7ba2c79645efc43c37eace76ed148970  height=20  log2_work=12.392317  tx=26  date=2021-04-12 03:13:15 progress=1.000000  cache=0
2021-04-12 03:13:28 mchn: Approving filter bf8443ef6bec252c60191f828ddc9fe89d6a7da3e49a76fa5674d94c4e4b9604 (smartFilterVendedores) from address 1Cmahg3uLBEopMbQngbHmTo8HJjpfovGVfRbox
2021-04-12 03:13:28 CommitTransaction: 66dd52c2f94b085a4783e58abaaf54a3493f097d370e77418f2a67bb9e7925bb, vin: 1, vout: 2
2021-04-12 03:13:30 MultiChainMiner: Block Found - 002f3402c7fecbbe58b87f22c6e108bd83de292b7ce808e21498f3928cf2f179, prev: 004109798b5ab2afff3f4dee8d7e391c7ba2c79645efc43c37eace76ed148970, height: 21, txs: 2
2021-04-12 03:13:30 UpdateTip:            new best=002f3402c7fecbbe58b87f22c6e108bd83de292b7ce808e21498f3928cf2f179  height=21  log2_work=12.459432  tx=28  date=2021-04-12 03:13:30 progress=1.000000  cache=0
2021-04-12 03:13:34 mchn: Approving filter fdbc4edfbd6d0787fffcb5bf9b77100006fd8b13bdd4328536e8299fe8a77e8e (smartFilterGanancias) from address 1Cmahg3uLBEopMbQngbHmTo8HJjpfovGVfRbox
2021-04-12 03:13:34 CommitTransaction: c87f757fba5f4f0437a5f862c53875c2726513cd9e8ef90390e9c315084f7d12, vin: 1, vout: 2
2021-04-12 03:13:57 MultiChainMiner: Block Found - 0068488e1d401bffcd6213499f6f13445354dc1b98201759a0a913881d12d621, prev: 002f3402c7fecbbe58b87f22c6e108bd83de292b7ce808e21498f3928cf2f179, height: 22, txs: 2
2021-04-12 03:13:57 UpdateTip:            new best=0068488e1d401bffcd6213499f6f13445354dc1b98201759a0a913881d12d621  height=22  log2_work=12.523562  tx=30  date=2021-04-12 03:13:57 progress=1.000000  cache=0
2021-04-12 03:14:05 MultiChainMiner: Block Found - 000d0fbeba815e0e9de50bd2ec48a9557cdcac688a14b744d76d95331e3a16f7, prev: 0068488e1d401bffcd6213499f6f13445354dc1b98201759a0a913881d12d621, height: 23, txs: 1
2021-04-12 03:14:05 UpdateTip:            new best=000d0fbeba815e0e9de50bd2ec48a9557cdcac688a14b744d76d95331e3a16f7  height=23  log2_work=12.584963  tx=31  date=2021-04-12 03:14:05 progress=1.000000  cache=0
2021-04-12 03:14:14 MultiChainMiner: Block Found - 003cde24b09b72b33b6a8375bb629d8a5c9de2c59a08d3325e43ecf43bf89ae9, prev: 000d0fbeba815e0e9de50bd2ec48a9557cdcac688a14b744d76d95331e3a16f7, height: 24, txs: 1
2021-04-12 03:14:14 UpdateTip:            new best=003cde24b09b72b33b6a8375bb629d8a5c9de2c59a08d3325e43ecf43bf89ae9  height=24  log2_work=12.643856  tx=32  date=2021-04-12 03:14:14 progress=1.000000  cache=0
2021-04-12 03:14:27 MultiChainMiner: Block Found - 00ec7853cd20451fa539aa703dba0220981d5359dbb91289a4a9132ed0cd46d2, prev: 003cde24b09b72b33b6a8375bb629d8a5c9de2c59a08d3325e43ecf43bf89ae9, height: 25, txs: 1
2021-04-12 03:14:27 UpdateTip:            new best=00ec7853cd20451fa539aa703dba0220981d5359dbb91289a4a9132ed0cd46d2  height=25  log2_work=12.70044  tx=33  date=2021-04-12 03:14:27 progress=1.000000  cache=0
2021-04-12 03:14:42 MultiChainMiner: Block Found - 00a9d92b7af24d27cba3342aed11a26aa7bd101e29468683e7033a91ecd0ab2f, prev: 00ec7853cd20451fa539aa703dba0220981d5359dbb91289a4a9132ed0cd46d2, height: 26, txs: 1
2021-04-12 03:14:42 UpdateTip:            new best=00a9d92b7af24d27cba3342aed11a26aa7bd101e29468683e7033a91ecd0ab2f  height=26  log2_work=12.754888  tx=34  date=2021-04-12 03:14:42 progress=1.000000  cache=0
2021-04-12 03:15:01 MultiChainMiner: Block Found - 00830cfbf97aa6bb5afc1659dc318de6902a0ca4ff09613ec57881c92e56fd9b, prev: 00a9d92b7af24d27cba3342aed11a26aa7bd101e29468683e7033a91ecd0ab2f, height: 27, txs: 1
2021-04-12 03:15:01 UpdateTip:            new best=00830cfbf97aa6bb5afc1659dc318de6902a0ca4ff09613ec57881c92e56fd9b  height=27  log2_work=12.807355  tx=35  date=2021-04-12 03:15:01 progress=1.000000  cache=0
2021-04-12 03:15:17 MultiChainMiner: Block Found - 000a2ab4a34b0c550592d580ad9709e451eda46525b8f4eb5cbf1980a84abaeb, prev: 00830cfbf97aa6bb5afc1659dc318de6902a0ca4ff09613ec57881c92e56fd9b, height: 28, txs: 1
2021-04-12 03:15:17 UpdateTip:            new best=000a2ab4a34b0c550592d580ad9709e451eda46525b8f4eb5cbf1980a84abaeb  height=28  log2_work=12.857981  tx=36  date=2021-04-12 03:15:17 progress=1.000000  cache=0
2021-04-12 03:15:28 CommitTransaction: 743a3146dfb46c1cf66477e19cded4d18942703d1cbdac6abe3b040d4adbd9cb, vin: 1, vout: 2
2021-04-12 03:15:33 MultiChainMiner: Block Found - 00b2a131e4f5d52f7e948e9b1de7764fdd7085adb02e5d5d785371bbde786e14, prev: 000a2ab4a34b0c550592d580ad9709e451eda46525b8f4eb5cbf1980a84abaeb, height: 29, txs: 2
2021-04-12 03:15:33 UpdateTip:            new best=00b2a131e4f5d52f7e948e9b1de7764fdd7085adb02e5d5d785371bbde786e14  height=29  log2_work=12.906891  tx=38  date=2021-04-12 03:15:33 progress=1.000000  cache=0
2021-04-12 03:15:43 CommitTransaction: 081540c648f0f941e98c80b9a46127fc2f3892be38022a51ba9016ca4111a879, vin: 1, vout: 2
2021-04-12 03:15:49 MultiChainMiner: Block Found - 00f52481abe56b3b7b2102fd0fb76ab3ed0a7e881d2732f899d4787642074105, prev: 00b2a131e4f5d52f7e948e9b1de7764fdd7085adb02e5d5d785371bbde786e14, height: 30, txs: 2
2021-04-12 03:15:49 UpdateTip:            new best=00f52481abe56b3b7b2102fd0fb76ab3ed0a7e881d2732f899d4787642074105  height=30  log2_work=12.954196  tx=40  date=2021-04-12 03:15:49 progress=1.000000  cache=0
2021-04-12 03:16:04 MultiChainMiner: Block Found - 00d4b8299695d7b1b698904ea0ded87b86e62dded4b5e6ab6327994ee0b28601, prev: 00f52481abe56b3b7b2102fd0fb76ab3ed0a7e881d2732f899d4787642074105, height: 31, txs: 1
2021-04-12 03:16:04 UpdateTip:            new best=00d4b8299695d7b1b698904ea0ded87b86e62dded4b5e6ab6327994ee0b28601  height=31  log2_work=13  tx=41  date=2021-04-12 03:16:04 progress=1.000000  cache=0
2021-04-12 03:16:12 MultiChainMiner: Block Found - 007bfe3ac4f206b2925a0889d3cb4068301f569ca79836e49a5c758622f228af, prev: 00d4b8299695d7b1b698904ea0ded87b86e62dded4b5e6ab6327994ee0b28601, height: 32, txs: 1
2021-04-12 03:16:12 UpdateTip:            new best=007bfe3ac4f206b2925a0889d3cb4068301f569ca79836e49a5c758622f228af  height=32  log2_work=13.044394  tx=42  date=2021-04-12 03:16:12 progress=1.000000  cache=0
2021-04-12 03:16:12 CommitTransaction: 20b9e5711f8bdcb6a8bc5de3afb8f3364be992274562bdcddebcb0afeed4717f, vin: 1, vout: 2
2021-04-12 03:16:35 MultiChainMiner: Block Found - 00a7412ae12d92699c21de7bfe4167c74a3f448fccf1f8d1789ed3b1b431d58c, prev: 007bfe3ac4f206b2925a0889d3cb4068301f569ca79836e49a5c758622f228af, height: 33, txs: 2
2021-04-12 03:16:35 UpdateTip:            new best=00a7412ae12d92699c21de7bfe4167c74a3f448fccf1f8d1789ed3b1b431d58c  height=33  log2_work=13.087463  tx=44  date=2021-04-12 03:16:35 progress=1.000000  cache=0
2021-04-12 03:16:47 MultiChainMiner: Block Found - 003d9afd78343a71c6ccbcd98a0771a3e1c00229cc186a2dff4348568f7d95d8, prev: 00a7412ae12d92699c21de7bfe4167c74a3f448fccf1f8d1789ed3b1b431d58c, height: 34, txs: 1
2021-04-12 03:16:47 UpdateTip:            new best=003d9afd78343a71c6ccbcd98a0771a3e1c00229cc186a2dff4348568f7d95d8  height=34  log2_work=13.129283  tx=45  date=2021-04-12 03:16:47 progress=1.000000  cache=0
2021-04-12 03:16:59 MultiChainMiner: Block Found - 0077187c1b6a2cd21a051cf06557b5d4c415726e6f0d368f8438f12f1d6d7e9b, prev: 003d9afd78343a71c6ccbcd98a0771a3e1c00229cc186a2dff4348568f7d95d8, height: 35, txs: 1
2021-04-12 03:17:00 UpdateTip:            new best=0077187c1b6a2cd21a051cf06557b5d4c415726e6f0d368f8438f12f1d6d7e9b  height=35  log2_work=13.169925  tx=46  date=2021-04-12 03:16:59 progress=1.000000  cache=0
2021-04-12 03:17:10 MultiChainMiner: Block Found - 008767072cd6dc0da305dff006e831771dfac421e070f255fa9666d5c8cb9d27, prev: 0077187c1b6a2cd21a051cf06557b5d4c415726e6f0d368f8438f12f1d6d7e9b, height: 36, txs: 1
2021-04-12 03:17:10 UpdateTip:            new best=008767072cd6dc0da305dff006e831771dfac421e070f255fa9666d5c8cb9d27  height=36  log2_work=13.209453  tx=47  date=2021-04-12 03:17:10 progress=1.000000  cache=0
2021-04-12 03:17:33 MultiChainMiner: Block Found - 00b88654d3a45b36a20a824b183602742e090500950f65e959c747883dc53b2e, prev: 008767072cd6dc0da305dff006e831771dfac421e070f255fa9666d5c8cb9d27, height: 37, txs: 1
2021-04-12 03:17:33 UpdateTip:            new best=00b88654d3a45b36a20a824b183602742e090500950f65e959c747883dc53b2e  height=37  log2_work=13.247928  tx=48  date=2021-04-12 03:17:33 progress=1.000000  cache=0
2021-04-12 03:17:51 MultiChainMiner: Block Found - 0009c6e30c2b91ac3453d8cb68e9287b4ceac1e907d8fa69bc1f63d22d0e4b10, prev: 00b88654d3a45b36a20a824b183602742e090500950f65e959c747883dc53b2e, height: 38, txs: 1
2021-04-12 03:17:51 UpdateTip:            new best=0009c6e30c2b91ac3453d8cb68e9287b4ceac1e907d8fa69bc1f63d22d0e4b10  height=38  log2_work=13.285402  tx=49  date=2021-04-12 03:17:51 progress=1.000000  cache=0
2021-04-12 03:18:07 MultiChainMiner: Block Found - 00fad532499633e58a09be05dd41809baebb212f2467560474fa51c1714528ed, prev: 0009c6e30c2b91ac3453d8cb68e9287b4ceac1e907d8fa69bc1f63d22d0e4b10, height: 39, txs: 1
2021-04-12 03:18:07 UpdateTip:            new best=00fad532499633e58a09be05dd41809baebb212f2467560474fa51c1714528ed  height=39  log2_work=13.321928  tx=50  date=2021-04-12 03:18:07 progress=1.000000  cache=0
2021-04-12 03:18:18 MultiChainMiner: Block Found - 0015073c3a19df99d09076407d82221448c9ef74b013e0c568234cfa6074cc1d, prev: 00fad532499633e58a09be05dd41809baebb212f2467560474fa51c1714528ed, height: 40, txs: 1
2021-04-12 03:18:19 UpdateTip:            new best=0015073c3a19df99d09076407d82221448c9ef74b013e0c568234cfa6074cc1d  height=40  log2_work=13.357552  tx=51  date=2021-04-12 03:18:18 progress=1.000000  cache=0
2021-04-12 03:18:30 MultiChainMiner: Block Found - 001a8eec90e2ece5f1bc34b63482433310c2e7f48cf2b56e406d18927afebd61, prev: 0015073c3a19df99d09076407d82221448c9ef74b013e0c568234cfa6074cc1d, height: 41, txs: 1
2021-04-12 03:18:30 UpdateTip:            new best=001a8eec90e2ece5f1bc34b63482433310c2e7f48cf2b56e406d18927afebd61  height=41  log2_work=13.392317  tx=52  date=2021-04-12 03:18:30 progress=1.000000  cache=0
2021-04-12 03:18:53 MultiChainMiner: Block Found - 0040e8b420364b7adf3251aee06f7f49c5910c7cc044fd863e6d1b3553dfbfca, prev: 001a8eec90e2ece5f1bc34b63482433310c2e7f48cf2b56e406d18927afebd61, height: 42, txs: 1
2021-04-12 03:18:53 UpdateTip:            new best=0040e8b420364b7adf3251aee06f7f49c5910c7cc044fd863e6d1b3553dfbfca  height=42  log2_work=13.426265  tx=53  date=2021-04-12 03:18:53 progress=1.000000  cache=0
