2021-04-11 22:08:45	Initialized: Admin count: 0, Miner count: 0, ledger rows: 1
2021-04-11 22:08:46	Grant: (00000000-eb451357-00000001-eb451357) (0--1, 1618196925), In consensus: 1, Admin count: 0, Miner count: 0
2021-04-11 22:08:46	Grant: (00000000-eb451357-00000002-eb451357) (0--1, 1618196925), In consensus: 1, Admin count: 0, Miner count: 0
2021-04-11 22:08:46	Grant: (00000000-eb451357-00000004-eb451357) (0--1, 1618196925), In consensus: 1, Admin count: 0, Miner count: 0
2021-04-11 22:08:46	Grant: (00000000-eb451357-00000020-eb451357) (0--1, 1618196925), In consensus: 1, Admin count: 0, Miner count: 0
2021-04-11 22:08:46	Grant: (00000000-eb451357-00000010-eb451357) (0--1, 1618196925), In consensus: 1, Admin count: 0, Miner count: 0
2021-04-11 22:08:46	Grant: (00000000-eb451357-00002000-eb451357) (0--1, 1618196925), In consensus: 1, Admin count: 0, Miner count: 0
2021-04-11 22:08:46	Grant: (00000000-eb451357-00000100-eb451357) (0--1, 1618196925), In consensus: 1, Admin count: 0, Miner count: 1
2021-04-11 22:08:46	Grant: (00000000-eb451357-00001000-eb451357) (0--1, 1618196925), In consensus: 1, Admin count: 1, Miner count: 1
2021-04-11 22:08:46	Grant: (92579bcc-00000000-00000001-eb451357) (0--1, 0), In consensus: 1, Admin count: 1, Miner count: 1
2021-04-11 22:08:46	Grant: (92579bcc-eb451357-00000008-eb451357) (0--1, 0), In consensus: 1, Admin count: 1, Miner count: 1
2021-04-11 22:08:46	Grant: (92579bcc-eb451357-00000080-eb451357) (0--1, 0), In consensus: 1, Admin count: 1, Miner count: 1
2021-04-11 22:08:46	Grant: (92579bcc-eb451357-00002000-eb451357) (0--1, 0), In consensus: 1, Admin count: 1, Miner count: 1
2021-04-11 22:08:46	Grant: (92579bcc-eb451357-00001000-eb451357) (0--1, 0), In consensus: 1, Admin count: 1, Miner count: 1
2021-04-11 22:08:46	Block commit:         0 (Hash: 3cb97634, Miner: eb451357), Admin count: 1, Miner count: 1, Ledger Rows: 16
2021-04-11 22:08:46	Block commit:         1 (Hash: a745a0d4, Miner: eb451357), Admin count: 1, Miner count: 1, Ledger Rows: 18
2021-04-11 22:08:46	Block commit:         2 (Hash: 6d57bd38, Miner: eb451357), Admin count: 1, Miner count: 1, Ledger Rows: 20
2021-04-11 22:08:54	Block commit:         3 (Hash: a381b9b2, Miner: eb451357), Admin count: 1, Miner count: 1, Ledger Rows: 22
2021-04-11 22:09:04	Grant: (df49cc8f-00000000-00000001-eb451357) (0--1, 0), In consensus: 1, Admin count: 1, Miner count: 1
2021-04-11 22:09:04	Grant: (df49cc8f-eb451357-00000008-eb451357) (0--1, 0), In consensus: 1, Admin count: 1, Miner count: 1
2021-04-11 22:09:04	Grant: (df49cc8f-eb451357-00000080-eb451357) (0--1, 0), In consensus: 1, Admin count: 1, Miner count: 1
2021-04-11 22:09:04	Grant: (df49cc8f-eb451357-00002000-eb451357) (0--1, 0), In consensus: 1, Admin count: 1, Miner count: 1
2021-04-11 22:09:04	Grant: (df49cc8f-eb451357-00001000-eb451357) (0--1, 0), In consensus: 1, Admin count: 1, Miner count: 1
2021-04-11 22:09:11	Mempool copy:         3, Admin count: 1, Miner count: 1, Ledger Rows: 27
2021-04-11 22:09:11	Mempool ramv:         3, Admin count: 1, Miner count: 1, Ledger Rows: 27
2021-04-11 22:09:11	Mempool copy:         3, Admin count: 1, Miner count: 1, Ledger Rows: 27
2021-04-11 22:09:11	Mempool ramv:         3, Admin count: 1, Miner count: 1, Ledger Rows: 27
2021-04-11 22:09:11	Mempool copy:         3, Admin count: 1, Miner count: 1, Ledger Rows: 27
2021-04-11 22:09:11	Mempool clr :         3, Admin count: 1, Miner count: 1, Ledger Rows: 22
2021-04-11 22:09:11	Mempool rstr:         3, Admin count: 1, Miner count: 1, Ledger Rows: 27
2021-04-11 22:09:11	Mempool clr :         3, Admin count: 1, Miner count: 1, Ledger Rows: 22
2021-04-11 22:09:11	Grant: (df49cc8f-00000000-00000001-eb451357) (0--1, 0), In consensus: 1, Admin count: 1, Miner count: 1
2021-04-11 22:09:11	Grant: (df49cc8f-eb451357-00000008-eb451357) (0--1, 0), In consensus: 1, Admin count: 1, Miner count: 1
2021-04-11 22:09:11	Grant: (df49cc8f-eb451357-00000080-eb451357) (0--1, 0), In consensus: 1, Admin count: 1, Miner count: 1
2021-04-11 22:09:11	Grant: (df49cc8f-eb451357-00002000-eb451357) (0--1, 0), In consensus: 1, Admin count: 1, Miner count: 1
2021-04-11 22:09:11	Grant: (df49cc8f-eb451357-00001000-eb451357) (0--1, 0), In consensus: 1, Admin count: 1, Miner count: 1
2021-04-11 22:09:11	Block commit:         4 (Hash: c86954da, Miner: eb451357), Admin count: 1, Miner count: 1, Ledger Rows: 29
2021-04-11 22:09:14	Grant: (866de24e-00000000-00000001-eb451357) (0--1, 0), In consensus: 1, Admin count: 1, Miner count: 1
2021-04-11 22:09:14	Grant: (866de24e-eb451357-00000008-eb451357) (0--1, 0), In consensus: 1, Admin count: 1, Miner count: 1
2021-04-11 22:09:14	Grant: (866de24e-eb451357-00000080-eb451357) (0--1, 0), In consensus: 1, Admin count: 1, Miner count: 1
2021-04-11 22:09:14	Grant: (866de24e-eb451357-00002000-eb451357) (0--1, 0), In consensus: 1, Admin count: 1, Miner count: 1
2021-04-11 22:09:14	Grant: (866de24e-eb451357-00001000-eb451357) (0--1, 0), In consensus: 1, Admin count: 1, Miner count: 1
2021-04-11 22:09:22	Mempool copy:         4, Admin count: 1, Miner count: 1, Ledger Rows: 34
2021-04-11 22:09:22	Mempool ramv:         4, Admin count: 1, Miner count: 1, Ledger Rows: 34
2021-04-11 22:09:22	Mempool copy:         4, Admin count: 1, Miner count: 1, Ledger Rows: 34
2021-04-11 22:09:22	Mempool ramv:         4, Admin count: 1, Miner count: 1, Ledger Rows: 34
2021-04-11 22:09:22	Mempool copy:         4, Admin count: 1, Miner count: 1, Ledger Rows: 34
2021-04-11 22:09:22	Mempool clr :         4, Admin count: 1, Miner count: 1, Ledger Rows: 29
2021-04-11 22:09:22	Mempool rstr:         4, Admin count: 1, Miner count: 1, Ledger Rows: 34
2021-04-11 22:09:22	Mempool clr :         4, Admin count: 1, Miner count: 1, Ledger Rows: 29
2021-04-11 22:09:22	Grant: (866de24e-00000000-00000001-eb451357) (0--1, 0), In consensus: 1, Admin count: 1, Miner count: 1
2021-04-11 22:09:22	Grant: (866de24e-eb451357-00000008-eb451357) (0--1, 0), In consensus: 1, Admin count: 1, Miner count: 1
2021-04-11 22:09:22	Grant: (866de24e-eb451357-00000080-eb451357) (0--1, 0), In consensus: 1, Admin count: 1, Miner count: 1
2021-04-11 22:09:22	Grant: (866de24e-eb451357-00002000-eb451357) (0--1, 0), In consensus: 1, Admin count: 1, Miner count: 1
2021-04-11 22:09:22	Grant: (866de24e-eb451357-00001000-eb451357) (0--1, 0), In consensus: 1, Admin count: 1, Miner count: 1
2021-04-11 22:09:22	Block commit:         5 (Hash: 71864579, Miner: eb451357), Admin count: 1, Miner count: 1, Ledger Rows: 36
2021-04-11 22:09:43	Block commit:         6 (Hash: c65e7c35, Miner: eb451357), Admin count: 1, Miner count: 1, Ledger Rows: 38
2021-04-11 22:09:59	Block commit:         7 (Hash: f3783aa9, Miner: eb451357), Admin count: 1, Miner count: 1, Ledger Rows: 40
2021-04-11 22:10:15	Block commit:         8 (Hash: 8bb00392, Miner: eb451357), Admin count: 1, Miner count: 1, Ledger Rows: 42
2021-04-11 22:10:29	Block commit:         9 (Hash: 293211a9, Miner: eb451357), Admin count: 1, Miner count: 1, Ledger Rows: 44
2021-04-11 22:10:50	Block commit:        10 (Hash: 4e0899af, Miner: eb451357), Admin count: 1, Miner count: 1, Ledger Rows: 46
2021-04-11 22:11:10	Block commit:        11 (Hash: 32d00fac, Miner: eb451357), Admin count: 1, Miner count: 1, Ledger Rows: 48
2021-04-11 22:11:29	Block commit:        12 (Hash: 1c6019f5, Miner: eb451357), Admin count: 1, Miner count: 1, Ledger Rows: 50
2021-04-11 22:11:33	Block commit:        13 (Hash: 849d7695, Miner: eb451357), Admin count: 1, Miner count: 1, Ledger Rows: 52
2021-04-11 22:11:52	Block commit:        14 (Hash: 2e7519c0, Miner: eb451357), Admin count: 1, Miner count: 1, Ledger Rows: 54
2021-04-11 22:12:05	Block commit:        15 (Hash: cbee3282, Miner: eb451357), Admin count: 1, Miner count: 1, Ledger Rows: 56
2021-04-11 22:12:18	Block commit:        16 (Hash: 475ddd89, Miner: eb451357), Admin count: 1, Miner count: 1, Ledger Rows: 58
2021-04-11 22:12:30	Block commit:        17 (Hash: e69491b3, Miner: eb451357), Admin count: 1, Miner count: 1, Ledger Rows: 60
2021-04-11 22:12:48	Block commit:        18 (Hash: 8df85e4e, Miner: eb451357), Admin count: 1, Miner count: 1, Ledger Rows: 62
2021-04-11 22:13:03	Block commit:        19 (Hash: c9204eb2, Miner: eb451357), Admin count: 1, Miner count: 1, Ledger Rows: 64
2021-04-11 22:13:15	Block commit:        20 (Hash: ed148970, Miner: eb451357), Admin count: 1, Miner count: 1, Ledger Rows: 66
2021-04-11 22:13:28	Grant: (df49cc8f-8ddc9fe8-04000000-eb451357) (0--1, 1618197208), In consensus: 1, Admin count: 1, Miner count: 1
2021-04-11 22:13:30	Mempool copy:        20, Admin count: 1, Miner count: 1, Ledger Rows: 67
2021-04-11 22:13:30	Mempool ramv:        20, Admin count: 1, Miner count: 1, Ledger Rows: 67
2021-04-11 22:13:30	Mempool copy:        20, Admin count: 1, Miner count: 1, Ledger Rows: 67
2021-04-11 22:13:30	Mempool ramv:        20, Admin count: 1, Miner count: 1, Ledger Rows: 67
2021-04-11 22:13:30	Mempool copy:        20, Admin count: 1, Miner count: 1, Ledger Rows: 67
2021-04-11 22:13:30	Mempool clr :        20, Admin count: 1, Miner count: 1, Ledger Rows: 66
2021-04-11 22:13:30	Mempool rstr:        20, Admin count: 1, Miner count: 1, Ledger Rows: 67
2021-04-11 22:13:30	Mempool clr :        20, Admin count: 1, Miner count: 1, Ledger Rows: 66
2021-04-11 22:13:30	Grant: (df49cc8f-8ddc9fe8-04000000-eb451357) (0--1, 1618197208), In consensus: 1, Admin count: 1, Miner count: 1
2021-04-11 22:13:30	Block commit:        21 (Hash: 8cf2f179, Miner: eb451357), Admin count: 1, Miner count: 1, Ledger Rows: 69
2021-04-11 22:13:34	Grant: (866de24e-9b771000-04000000-eb451357) (0--1, 1618197214), In consensus: 1, Admin count: 1, Miner count: 1
2021-04-11 22:13:57	Mempool copy:        21, Admin count: 1, Miner count: 1, Ledger Rows: 70
2021-04-11 22:13:57	Mempool ramv:        21, Admin count: 1, Miner count: 1, Ledger Rows: 70
2021-04-11 22:13:57	Mempool copy:        21, Admin count: 1, Miner count: 1, Ledger Rows: 70
2021-04-11 22:13:57	Mempool ramv:        21, Admin count: 1, Miner count: 1, Ledger Rows: 70
2021-04-11 22:13:57	Mempool copy:        21, Admin count: 1, Miner count: 1, Ledger Rows: 70
2021-04-11 22:13:57	Mempool clr :        21, Admin count: 1, Miner count: 1, Ledger Rows: 69
2021-04-11 22:13:57	Mempool rstr:        21, Admin count: 1, Miner count: 1, Ledger Rows: 70
2021-04-11 22:13:57	Mempool clr :        21, Admin count: 1, Miner count: 1, Ledger Rows: 69
2021-04-11 22:13:57	Grant: (866de24e-9b771000-04000000-eb451357) (0--1, 1618197214), In consensus: 1, Admin count: 1, Miner count: 1
2021-04-11 22:13:57	Block commit:        22 (Hash: 1d12d621, Miner: eb451357), Admin count: 1, Miner count: 1, Ledger Rows: 72
2021-04-11 22:14:05	Block commit:        23 (Hash: 1e3a16f7, Miner: eb451357), Admin count: 1, Miner count: 1, Ledger Rows: 74
2021-04-11 22:14:14	Block commit:        24 (Hash: 3bf89ae9, Miner: eb451357), Admin count: 1, Miner count: 1, Ledger Rows: 76
2021-04-11 22:14:27	Block commit:        25 (Hash: d0cd46d2, Miner: eb451357), Admin count: 1, Miner count: 1, Ledger Rows: 78
2021-04-11 22:14:42	Block commit:        26 (Hash: ecd0ab2f, Miner: eb451357), Admin count: 1, Miner count: 1, Ledger Rows: 80
2021-04-11 22:15:01	Block commit:        27 (Hash: 2e56fd9b, Miner: eb451357), Admin count: 1, Miner count: 1, Ledger Rows: 82
2021-04-11 22:15:17	Block commit:        28 (Hash: a84abaeb, Miner: eb451357), Admin count: 1, Miner count: 1, Ledger Rows: 84
2021-04-11 22:15:33	Block commit:        29 (Hash: de786e14, Miner: eb451357), Admin count: 1, Miner count: 1, Ledger Rows: 86
2021-04-11 22:15:49	Block commit:        30 (Hash: 42074105, Miner: eb451357), Admin count: 1, Miner count: 1, Ledger Rows: 88
2021-04-11 22:16:04	Block commit:        31 (Hash: e0b28601, Miner: eb451357), Admin count: 1, Miner count: 1, Ledger Rows: 90
2021-04-11 22:16:12	Block commit:        32 (Hash: 22f228af, Miner: eb451357), Admin count: 1, Miner count: 1, Ledger Rows: 92
2021-04-11 22:16:35	Block commit:        33 (Hash: b431d58c, Miner: eb451357), Admin count: 1, Miner count: 1, Ledger Rows: 94
2021-04-11 22:16:47	Block commit:        34 (Hash: 8f7d95d8, Miner: eb451357), Admin count: 1, Miner count: 1, Ledger Rows: 96
2021-04-11 22:17:00	Block commit:        35 (Hash: 1d6d7e9b, Miner: eb451357), Admin count: 1, Miner count: 1, Ledger Rows: 98
2021-04-11 22:17:10	Block commit:        36 (Hash: c8cb9d27, Miner: eb451357), Admin count: 1, Miner count: 1, Ledger Rows: 100
2021-04-11 22:17:33	Block commit:        37 (Hash: 3dc53b2e, Miner: eb451357), Admin count: 1, Miner count: 1, Ledger Rows: 102
2021-04-11 22:17:51	Block commit:        38 (Hash: 2d0e4b10, Miner: eb451357), Admin count: 1, Miner count: 1, Ledger Rows: 104
2021-04-11 22:18:07	Block commit:        39 (Hash: 714528ed, Miner: eb451357), Admin count: 1, Miner count: 1, Ledger Rows: 106
2021-04-11 22:18:19	Block commit:        40 (Hash: 6074cc1d, Miner: eb451357), Admin count: 1, Miner count: 1, Ledger Rows: 108
2021-04-11 22:18:30	Block commit:        41 (Hash: 7afebd61, Miner: eb451357), Admin count: 1, Miner count: 1, Ledger Rows: 110
2021-04-11 22:18:53	Block commit:        42 (Hash: 53dfbfca, Miner: eb451357), Admin count: 1, Miner count: 1, Ledger Rows: 112
